::1 - - [02/Oct/2023:19:47:20 +0300] "GET / HTTP/1.1" 200 649 "-" "Mozilla/5.0 (Windows NT 10.0; Win64; x64; rv:109.0) Gecko/20100101 Firefox/118.0"
::1 - - [02/Oct/2023:19:47:20 +0300] "GET /loadContent.php?url=https%3A%2F%2Ftahvel.edu.ee%2F HTTP/1.1" 200 362 "https://tahvel.edu.ee/" "Mozilla/5.0 (Windows NT 10.0; Win64; x64; rv:109.0) Gecko/20100101 Firefox/118.0"
::1 - - [02/Oct/2023:19:48:39 +0300] "GET / HTTP/1.1" 403 303 "-" "Mozilla/5.0 (Windows NT 10.0; Win64; x64; rv:109.0) Gecko/20100101 Firefox/118.0"
::1 - - [02/Oct/2023:19:48:47 +0300] "GET / HTTP/1.1" 403 303 "-" "Mozilla/5.0 (Windows NT 10.0; Win64; x64; rv:109.0) Gecko/20100101 Firefox/118.0"
::1 - - [02/Oct/2023:19:48:54 +0300] "GET / HTTP/1.1" 200 649 "-" "Mozilla/5.0 (Windows NT 10.0; Win64; x64; rv:109.0) Gecko/20100101 Firefox/118.0"
::1 - - [02/Oct/2023:19:48:54 +0300] "GET /loadContent.php?url=https%3A%2F%2Ftahvel.edu.ee%2F HTTP/1.1" 200 362 "https://tahvel.edu.ee/" "Mozilla/5.0 (Windows NT 10.0; Win64; x64; rv:109.0) Gecko/20100101 Firefox/118.0"
::1 - - [02/Oct/2023:19:50:25 +0300] "GET / HTTP/1.1" 200 649 "-" "Mozilla/5.0 (Windows NT 10.0; Win64; x64; rv:109.0) Gecko/20100101 Firefox/118.0"
::1 - - [02/Oct/2023:19:50:25 +0300] "GET /loadContent.php?url=https%3A%2F%2Ftahvel.edu.ee%2F HTTP/1.1" 200 362 "https://tahvel.edu.ee/" "Mozilla/5.0 (Windows NT 10.0; Win64; x64; rv:109.0) Gecko/20100101 Firefox/118.0"
::1 - - [02/Oct/2023:19:50:26 +0300] "GET / HTTP/1.1" 304 - "-" "Mozilla/5.0 (Windows NT 10.0; Win64; x64; rv:109.0) Gecko/20100101 Firefox/118.0"
::1 - - [02/Oct/2023:19:50:26 +0300] "GET /loadContent.php?url=https%3A%2F%2Ftahvel.edu.ee%2F HTTP/1.1" 200 362 "https://tahvel.edu.ee/" "Mozilla/5.0 (Windows NT 10.0; Win64; x64; rv:109.0) Gecko/20100101 Firefox/118.0"
::1 - - [02/Oct/2023:21:29:55 +0300] "GET / HTTP/1.1" 304 - "-" "Mozilla/5.0 (Windows NT 10.0; Win64; x64; rv:109.0) Gecko/20100101 Firefox/118.0"
::1 - - [02/Oct/2023:21:29:55 +0300] "GET /loadContent.php?url=https%3A%2F%2Ftahvel.edu.ee%2F HTTP/1.1" 200 362 "https://tahvel.edu.ee/" "Mozilla/5.0 (Windows NT 10.0; Win64; x64; rv:109.0) Gecko/20100101 Firefox/118.0"
::1 - - [02/Oct/2023:21:29:56 +0300] "GET / HTTP/1.1" 304 - "-" "Mozilla/5.0 (Windows NT 10.0; Win64; x64; rv:109.0) Gecko/20100101 Firefox/118.0"
::1 - - [02/Oct/2023:21:29:56 +0300] "GET /loadContent.php?url=https%3A%2F%2Ftahvel.edu.ee%2F HTTP/1.1" 200 362 "https://tahvel.edu.ee/" "Mozilla/5.0 (Windows NT 10.0; Win64; x64; rv:109.0) Gecko/20100101 Firefox/118.0"
::1 - - [02/Oct/2023:21:31:12 +0300] "GET / HTTP/1.1" 304 - "-" "Mozilla/5.0 (Windows NT 10.0; Win64; x64; rv:109.0) Gecko/20100101 Firefox/118.0"
::1 - - [02/Oct/2023:21:31:12 +0300] "GET /loadContent.php?url=https%3A%2F%2Ftahvel.edu.ee%2F HTTP/1.1" 200 362 "https://tahvel.edu.ee/" "Mozilla/5.0 (Windows NT 10.0; Win64; x64; rv:109.0) Gecko/20100101 Firefox/118.0"
::1 - - [02/Oct/2023:21:31:13 +0300] "GET / HTTP/1.1" 304 - "-" "Mozilla/5.0 (Windows NT 10.0; Win64; x64; rv:109.0) Gecko/20100101 Firefox/118.0"
::1 - - [02/Oct/2023:21:31:13 +0300] "GET /loadContent.php?url=https%3A%2F%2Ftahvel.edu.ee%2F HTTP/1.1" 200 362 "https://tahvel.edu.ee/" "Mozilla/5.0 (Windows NT 10.0; Win64; x64; rv:109.0) Gecko/20100101 Firefox/118.0"
::1 - - [02/Oct/2023:21:31:14 +0300] "GET / HTTP/1.1" 304 - "-" "Mozilla/5.0 (Windows NT 10.0; Win64; x64; rv:109.0) Gecko/20100101 Firefox/118.0"
::1 - - [02/Oct/2023:21:31:14 +0300] "GET /loadContent.php?url=https%3A%2F%2Ftahvel.edu.ee%2F HTTP/1.1" 200 362 "https://tahvel.edu.ee/" "Mozilla/5.0 (Windows NT 10.0; Win64; x64; rv:109.0) Gecko/20100101 Firefox/118.0"
::1 - - [02/Oct/2023:21:31:24 +0300] "GET / HTTP/1.1" 304 - "-" "Mozilla/5.0 (Windows NT 10.0; Win64; x64; rv:109.0) Gecko/20100101 Firefox/118.0"
::1 - - [02/Oct/2023:21:31:24 +0300] "GET /loadContent.php?url=https%3A%2F%2Ftahvel.edu.ee%2F HTTP/1.1" 200 362 "https://tahvel.edu.ee/" "Mozilla/5.0 (Windows NT 10.0; Win64; x64; rv:109.0) Gecko/20100101 Firefox/118.0"
::1 - - [02/Oct/2023:21:32:58 +0300] "GET / HTTP/1.1" 304 - "-" "Mozilla/5.0 (Windows NT 10.0; Win64; x64; rv:109.0) Gecko/20100101 Firefox/118.0"
::1 - - [02/Oct/2023:21:32:58 +0300] "GET /loadContent.php?url=https%3A%2F%2Ftahvel.edu.ee%2F HTTP/1.1" 200 362 "https://tahvel.edu.ee/" "Mozilla/5.0 (Windows NT 10.0; Win64; x64; rv:109.0) Gecko/20100101 Firefox/118.0"
::1 - - [02/Oct/2023:21:32:59 +0300] "GET / HTTP/1.1" 304 - "-" "Mozilla/5.0 (Windows NT 10.0; Win64; x64; rv:109.0) Gecko/20100101 Firefox/118.0"
::1 - - [02/Oct/2023:21:32:59 +0300] "GET /loadContent.php?url=https%3A%2F%2Ftahvel.edu.ee%2F HTTP/1.1" 200 362 "https://tahvel.edu.ee/" "Mozilla/5.0 (Windows NT 10.0; Win64; x64; rv:109.0) Gecko/20100101 Firefox/118.0"
::1 - - [02/Oct/2023:21:49:50 +0300] "GET / HTTP/1.1" 200 649 "-" "Mozilla/5.0 (Windows NT 10.0; Win64; x64; rv:109.0) Gecko/20100101 Firefox/118.0"
::1 - - [02/Oct/2023:21:49:50 +0300] "GET /loadContent.php?url=http%3A%2F%2Ftahvel.edu.ee%2F HTTP/1.1" 200 314 "http://tahvel.edu.ee/" "Mozilla/5.0 (Windows NT 10.0; Win64; x64; rv:109.0) Gecko/20100101 Firefox/118.0"
::1 - - [02/Oct/2023:21:49:50 +0300] "GET /favicon.ico HTTP/1.1" 404 299 "http://tahvel.edu.ee/" "Mozilla/5.0 (Windows NT 10.0; Win64; x64; rv:109.0) Gecko/20100101 Firefox/118.0"
